<?xml version="1.0" encoding="UTF-8" ?>
<testsuite tests="3" failures="1" name="com.deezer.api.RunnerTest" time="4.107" errors="0" skipped="0">
  <properties>
[...]
</properties>
  <testcase classname="Создание плейлиста" name="Успешное создание плейлиста с названием my_playlist" time="2.907"/>
  <testcase classname="Удаление плейлиста" name="Успешное удаление плейлиста с уникальным идентификатором" time="0.55">
    <failure message="expected: &lt;true&gt; but was: &lt;{&quot;error&quot;:{&quot;type&quot;:&quot;DataException&quot;,&quot;message&quot;:&quot;no data&quot;,&quot;code&quot;:800}}&gt;" type="org.opentest4j.AssertionFailedError">org.opentest4j.AssertionFailedError: expected: &lt;true&gt; but was: &lt;{&quot;error&quot;:{&quot;type&quot;:&quot;DataException&quot;,&quot;message&quot;:&quot;no data&quot;,&quot;code&quot;:800}}&gt;
	at org.junit.jupiter.api.AssertionUtils.fail(AssertionUtils.java:55)
	at org.junit.jupiter.api.AssertionUtils.failNotEqual(AssertionUtils.java:62)
	at org.junit.jupiter.api.AssertEquals.assertEquals(AssertEquals.java:182)
	at org.junit.jupiter.api.AssertEquals.assertEquals(AssertEquals.java:177)
	at org.junit.jupiter.api.Assertions.assertEquals(Assertions.java:1124)
	at com.deezer.api.deletePlaylistSteps.deletePlaylistAttempt(deletePlaylistSteps.java:24)
	at ✽.Удалить плейлист с идентификатором 9463544002(file:///Users/out-dzhafarov-ne/IdeaProjects/Public_api_test/src/test/resources/features/deletePlaylist.feature:4)
</failure>
  </testcase>
  <testcase classname="Поиск информации об исполнителе" name="Успешный поиск исполнителя" time="0.65"/>
</testsuite>