<?xml version="1.0" encoding="UTF-8"?>
<testsuite xmlns:xsi="http://www.w3.org/2001/XMLSchema-instance" xsi:noNamespaceSchemaLocation="https://maven.apache.org/surefire/maven-surefire-plugin/xsd/surefire-test-report.xsd" name="com.deezer.api.RunnerTest" time="100.282" tests="27" errors="0" skipped="0" failures="0">
  <properties>
[...]
</properties>
  <testcase name="Успешное добавление альбома в библиотеку #1" classname="com.deezer.api.RunnerTest" time="35.224"/>
  <testcase name="Успешное добавление альбома в библиотеку #2" classname="com.deezer.api.RunnerTest" time="2.533"/>
  <testcase name="Успешное добавление альбома в библиотеку #3" classname="com.deezer.api.RunnerTest" time="2.419"/>
  <testcase name="Успешное добавление альбома в библиотеку #4" classname="com.deezer.api.RunnerTest" time="2.78"/>
  <testcase name="Успешное добавление альбома в библиотеку #5" classname="com.deezer.api.RunnerTest" time="2.638"/>
  <testcase name="Успешное добавление альбома в библиотеку #6" classname="com.deezer.api.RunnerTest" time="2.632"/>
  <testcase name="Успешное добавление альбома в библиотеку #7" classname="com.deezer.api.RunnerTest" time="2.228"/>
  <testcase name="Успешное добавление альбома в библиотеку #8" classname="com.deezer.api.RunnerTest" time="2.407"/>
  <testcase name="Успешное добавление альбома в библиотеку #9" classname="com.deezer.api.RunnerTest" time="2.151"/>
  <testcase name="Успешное добавление альбома в библиотеку #10" classname="com.deezer.api.RunnerTest" time="2.572"/>
  <testcase name="Успешное добавление плейлиста в любимые" classname="com.deezer.api.RunnerTest" time="2.679"/>
  <testcase name="Успешное добавление песни #1" classname="com.deezer.api.RunnerTest" time="3.976"/>
  <testcase name="Успешное добавление песни #2" classname="com.deezer.api.RunnerTest" time="3.632"/>
  <testcase name="Успешное добавление песни #3" classname="com.deezer.api.RunnerTest" time="3.196"/>
  <testcase name="Песня уже присутствует в плейлисте" classname="com.deezer.api.RunnerTest" time="3.063"/>
  <testcase name="Успешное создание плейлиста с названием Create Playlist Test #1" classname="com.deezer.api.RunnerTest" time="2.766"/>
  <testcase name="Успешное создание плейлиста с названием Create Playlist Test #2" classname="com.deezer.api.RunnerTest" time="2.578"/>
  <testcase name="Успешное создание плейлиста с названием Create Playlist Test #3" classname="com.deezer.api.RunnerTest" time="3.97"/>
  <testcase name="Успешное удаление плейлиста" classname="com.deezer.api.RunnerTest" time="2.664"/>
  <testcase name="Удалить плейлист из любимых пользователя" classname="com.deezer.api.RunnerTest" time="2.024"/>
  <testcase name="Успешное удаление песни из плейлиста" classname="com.deezer.api.RunnerTest" time="3.065"/>
  <testcase name="Успешный поиск исполнителя #1" classname="com.deezer.api.RunnerTest" time="0.711"/>
  <testcase name="Успешный поиск исполнителя #2" classname="com.deezer.api.RunnerTest" time="0.514"/>
  <testcase name="Успешный поиск исполнителя #3" classname="com.deezer.api.RunnerTest" time="0.535"/>
  <testcase name="Успешный поиск исполнителя #4" classname="com.deezer.api.RunnerTest" time="0.68"/>
  <testcase name="Успешное добавление пользователя в список отслеживаемых" classname="com.deezer.api.RunnerTest" time="2.07"/>
  <testcase name="Пользователь прекращает отслеживать другого ранее отслеживаемого пользователя" classname="com.deezer.api.RunnerTest" time="2.359"/>
</testsuite>